2026-06-15 08:02:10,028 [INFO] ============================================================
2026-06-15 08:02:10,028 [INFO] START SYNC  |  d_date=2026-03-31  |  strategy=upsert
2026-06-15 08:02:10,028 [INFO]   Source : cvm_data.summary_channel_mtd  @  10.54.18.204
2026-06-15 08:02:10,028 [INFO]   Target : cvm.summary_channel_mtd  @  localhost
2026-06-15 08:02:10,028 [INFO] ============================================================
2026-06-15 08:02:10,311 [INFO] Fetching source data for d_date = 2026-03-31 ...
--- Logging error ---
Traceback (most recent call last):
  File "C:\Python311\Lib\logging\__init__.py", line 1113, in emit
    stream.write(msg + self.terminator)
  File "C:\Python311\Lib\encodings\cp1252.py", line 19, in encode
    return codecs.charmap_encode(input,self.errors,encoding_table)[0]
           ^^^^^^^^^^^^^^^^^^^^^^^^^^^^^^^^^^^^^^^^^^^^^^^^^^^^^^^
UnicodeEncodeError: 'charmap' codec can't encode character '\u2192' in position 33: character maps to <undefined>
Call stack:
  File "C:\Users\Hilman\Documents\NTI\Telco\Project\WAP ALSYS\Script\CVM\Script\etl_summary_channel_mtd.py", line 255, in <module>
    sync_by_d_date(d_date=args.date, strategy=args.strategy)
  File "C:\Users\Hilman\Documents\NTI\Telco\Project\WAP ALSYS\Script\CVM\Script\etl_summary_channel_mtd.py", line 162, in sync_by_d_date
    rows = fetch_source_data(src_conn, d_date)
  File "C:\Users\Hilman\Documents\NTI\Telco\Project\WAP ALSYS\Script\CVM\Script\etl_summary_channel_mtd.py", line 106, in fetch_source_data
    logger.info(f"  \u2192 {len(rows):,} rows fetched from source.")
Message: '  \u2192 0 rows fetched from source.'
Arguments: ()
--- Logging error ---
Traceback (most recent call last):
  File "C:\Python311\Lib\logging\__init__.py", line 1113, in emit
    stream.write(msg + self.terminator)
  File "C:\Python311\Lib\encodings\cp1252.py", line 19, in encode
    return codecs.charmap_encode(input,self.errors,encoding_table)[0]
           ^^^^^^^^^^^^^^^^^^^^^^^^^^^^^^^^^^^^^^^^^^^^^^^^^^^^^^^
UnicodeEncodeError: 'charmap' codec can't encode character '\u2192' in position 33: character maps to <undefined>
Call stack:
  File "C:\Users\Hilman\Documents\NTI\Telco\Project\WAP ALSYS\Script\CVM\Script\etl_summary_channel_mtd.py", line 255, in <module>
    sync_by_d_date(d_date=args.date, strategy=args.strategy)
  File "C:\Users\Hilman\Documents\NTI\Telco\Project\WAP ALSYS\Script\CVM\Script\etl_summary_channel_mtd.py", line 162, in sync_by_d_date
    rows = fetch_source_data(src_conn, d_date)
  File "C:\Users\Hilman\Documents\NTI\Telco\Project\WAP ALSYS\Script\CVM\Script\etl_summary_channel_mtd.py", line 106, in fetch_source_data
    logger.info(f"  \u2192 {len(rows):,} rows fetched from source.")
Message: '  \u2192 0 rows fetched from source.'
Arguments: ()
2026-06-15 08:02:10,346 [WARNING] No data found in source for d_date=2026-03-31. Exiting.
